android/app/build/intermediates/manifest_merge_blame_file/debug/manifest-merger-blame-debug-report.txt
1<?xml version="1.0" encoding="utf-8"?>
2<manifest xmlns:android="http://schemas.android.com/apk/res/android"
3    package="com.expotwitter"
4    android:versionCode="1"
5    android:versionName="1.0" >
6
7    <uses-sdk
8        android:minSdkVersion="21"
9        android:targetSdkVersion="31" />
10
11    <uses-permission android:name="android.permission.SYSTEM_ALERT_WINDOW" />
11-->src/main/AndroidManifest.xml:5:3-75
11-->src/main/AndroidManifest.xml:5:20-73
12    <uses-permission android:name="android.permission.INTERNET" />
12-->src/main/AndroidManifest.xml:3:3-64
12-->src/main/AndroidManifest.xml:3:20-62
13    <uses-permission android:name="android.permission.VIBRATE" /> <!-- These require runtime permissions on M -->
13-->src/main/AndroidManifest.xml:6:3-63
13-->src/main/AndroidManifest.xml:6:20-61
14    <uses-permission android:name="android.permission.READ_EXTERNAL_STORAGE" />
14-->src/main/AndroidManifest.xml:8:3-77
14-->src/main/AndroidManifest.xml:8:20-75
15    <uses-permission android:name="android.permission.WRITE_EXTERNAL_STORAGE" /> <!-- END OPTIONAL PERMISSIONS -->
15-->src/main/AndroidManifest.xml:9:3-78
15-->src/main/AndroidManifest.xml:9:20-76
16    <queries>
16-->src/main/AndroidManifest.xml:12:3-19:13
17
18        <!-- Support checking for http(s) links via the Linking API -->
19        <intent>
19-->src/main/AndroidManifest.xml:14:5-18:14
20            <action android:name="android.intent.action.VIEW" />
20-->src/main/AndroidManifest.xml:15:7-59
20-->src/main/AndroidManifest.xml:15:15-56
21
22            <category android:name="android.intent.category.BROWSABLE" />
22-->src/main/AndroidManifest.xml:16:7-68
22-->src/main/AndroidManifest.xml:16:17-65
23
24            <data android:scheme="https" />
24-->src/main/AndroidManifest.xml:17:7-38
24-->src/main/AndroidManifest.xml:17:13-35
25        </intent>
26        <!-- Query open documents -->
27        <intent>
27-->[:expo-file-system] AndroidManifest.xml:17:9-19:18
28            <action android:name="android.intent.action.OPEN_DOCUMENT_TREE" />
28-->[:expo-file-system] AndroidManifest.xml:18:13-79
28-->[:expo-file-system] AndroidManifest.xml:18:21-76
29        </intent>
30    </queries>
31
32    <uses-permission android:name="android.permission.ACCESS_WIFI_STATE" /> <!-- Although the *SdkVersion is captured in gradle build files, this is required for non gradle builds -->
32-->[com.facebook.flipper:flipper:0.125.0] AndroidManifest.xml:16:5-76
32-->[com.facebook.flipper:flipper:0.125.0] AndroidManifest.xml:16:22-73
33    <!-- <uses-sdk android:minSdkVersion="14"/> -->
34    <uses-permission android:name="android.permission.ACCESS_NETWORK_STATE" />
34-->[com.google.android.datatransport:transport-backend-cct:3.1.8] AndroidManifest.xml:24:5-79
34-->[com.google.android.datatransport:transport-backend-cct:3.1.8] AndroidManifest.xml:24:22-76
35    <uses-permission android:name="com.google.android.finsky.permission.BIND_GET_INSTALL_REFERRER_SERVICE" />
35-->[com.android.installreferrer:installreferrer:1.0] AndroidManifest.xml:9:5-110
35-->[com.android.installreferrer:installreferrer:1.0] AndroidManifest.xml:9:22-107
36
37    <application
37-->src/main/AndroidManifest.xml:21:3-31:17
38        android:name="com.expotwitter.MainApplication"
38-->src/main/AndroidManifest.xml:21:16-47
39        android:allowBackup="false"
39-->src/main/AndroidManifest.xml:21:162-189
40        android:appComponentFactory="androidx.core.app.CoreComponentFactory"
40-->[androidx.core:core:1.7.0] AndroidManifest.xml:24:18-86
41        android:debuggable="true"
42        android:icon="@mipmap/ic_launcher"
42-->src/main/AndroidManifest.xml:21:81-115
43        android:label="@string/app_name"
43-->src/main/AndroidManifest.xml:21:48-80
44        android:roundIcon="@mipmap/ic_launcher_round"
44-->src/main/AndroidManifest.xml:21:116-161
45        android:theme="@style/AppTheme"
45-->src/main/AndroidManifest.xml:21:190-221
46        android:usesCleartextTraffic="true" >
46-->src/main/AndroidManifest.xml:21:222-257
47        <meta-data
47-->src/main/AndroidManifest.xml:22:5-103
48            android:name="expo.modules.updates.EXPO_UPDATE_URL"
48-->src/main/AndroidManifest.xml:22:16-67
49            android:value="YOUR-APP-URL-HERE" />
49-->src/main/AndroidManifest.xml:22:68-101
50        <meta-data
50-->src/main/AndroidManifest.xml:23:5-112
51            android:name="expo.modules.updates.EXPO_SDK_VERSION"
51-->src/main/AndroidManifest.xml:23:16-68
52            android:value="YOUR-APP-SDK-VERSION-HERE" />
52-->src/main/AndroidManifest.xml:23:69-110
53
54        <activity
54-->src/main/AndroidManifest.xml:24:5-29:16
55            android:name="com.expotwitter.MainActivity"
55-->src/main/AndroidManifest.xml:24:15-43
56            android:configChanges="keyboard|keyboardHidden|orientation|screenSize|uiMode"
56-->src/main/AndroidManifest.xml:24:77-154
57            android:exported="true"
57-->src/main/AndroidManifest.xml:24:276-299
58            android:label="@string/app_name"
58-->src/main/AndroidManifest.xml:24:44-76
59            android:launchMode="singleTask"
59-->src/main/AndroidManifest.xml:24:155-186
60            android:theme="@style/Theme.App.SplashScreen"
60-->src/main/AndroidManifest.xml:24:230-275
61            android:windowSoftInputMode="adjustResize" >
61-->src/main/AndroidManifest.xml:24:187-229
62            <intent-filter>
62-->src/main/AndroidManifest.xml:25:7-28:23
63                <action android:name="android.intent.action.MAIN" />
63-->src/main/AndroidManifest.xml:26:9-60
63-->src/main/AndroidManifest.xml:26:17-58
64
65                <category android:name="android.intent.category.LAUNCHER" />
65-->src/main/AndroidManifest.xml:27:9-68
65-->src/main/AndroidManifest.xml:27:19-66
66            </intent-filter>
67        </activity>
68        <activity
68-->src/main/AndroidManifest.xml:30:5-106
69            android:name="com.facebook.react.devsupport.DevSettingsActivity"
69-->src/main/AndroidManifest.xml:30:15-79
70            android:exported="false" /> <!-- Disable crashlytics by default so we can custom init with CrashlyticsNdk support -->
70-->src/main/AndroidManifest.xml:30:80-104
71        <meta-data
71-->[:react-native-firebase_crashlytics] AndroidManifest.xml:12:9-14:37
72            android:name="firebase_crashlytics_collection_enabled"
72-->[:react-native-firebase_crashlytics] AndroidManifest.xml:13:13-67
73            android:value="false" />
73-->[:react-native-firebase_crashlytics] AndroidManifest.xml:14:13-34
74
75        <provider
75-->[:react-native-firebase_crashlytics] AndroidManifest.xml:16:9-20:38
76            android:name="io.invertase.firebase.crashlytics.ReactNativeFirebaseCrashlyticsInitProvider"
76-->[:react-native-firebase_crashlytics] AndroidManifest.xml:17:13-104
77            android:authorities="com.expotwitter.reactnativefirebasecrashlyticsinitprovider"
77-->[:react-native-firebase_crashlytics] AndroidManifest.xml:18:13-94
78            android:exported="false"
78-->[:react-native-firebase_crashlytics] AndroidManifest.xml:19:13-37
79            android:initOrder="98" />
79-->[:react-native-firebase_crashlytics] AndroidManifest.xml:20:13-35
80
81        <meta-data
81-->[:react-native-firebase_perf] AndroidManifest.xml:10:9-12:36
82            android:name="firebase_performance_collection_enabled"
82-->[:react-native-firebase_perf] AndroidManifest.xml:11:13-67
83            android:value="true" />
83-->[:react-native-firebase_perf] AndroidManifest.xml:12:13-33
84        <meta-data
84-->[:react-native-firebase_perf] AndroidManifest.xml:13:9-15:37
85            android:name="firebase_performance_collection_deactivated"
85-->[:react-native-firebase_perf] AndroidManifest.xml:14:13-71
86            android:value="false" />
86-->[:react-native-firebase_perf] AndroidManifest.xml:15:13-34
87        <meta-data
87-->[:react-native-firebase_app] AndroidManifest.xml:11:9-13:36
88            android:name="app_data_collection_default_enabled"
88-->[:react-native-firebase_app] AndroidManifest.xml:12:13-63
89            android:value="true" />
89-->[:react-native-firebase_app] AndroidManifest.xml:13:13-33
90
91        <service
91-->[:react-native-firebase_app] AndroidManifest.xml:15:9-23:19
92            android:name="com.google.firebase.components.ComponentDiscoveryService"
92-->[:react-native-firebase_app] AndroidManifest.xml:16:13-84
93            android:directBootAware="true"
93-->[:react-native-firebase_app] AndroidManifest.xml:17:13-43
94            android:exported="false" >
94-->[:react-native-firebase_app] AndroidManifest.xml:18:13-37
95            <meta-data
95-->[:react-native-firebase_app] AndroidManifest.xml:20:13-22:85
96                android:name="com.google.firebase.components:io.invertase.firebase.app.ReactNativeFirebaseAppRegistrar"
96-->[:react-native-firebase_app] AndroidManifest.xml:21:17-120
97                android:value="com.google.firebase.components.ComponentRegistrar" />
97-->[:react-native-firebase_app] AndroidManifest.xml:22:17-82
98            <meta-data
98-->[com.google.firebase:firebase-perf:20.3.0] AndroidManifest.xml:22:13-24:85
99                android:name="com.google.firebase.components:com.google.firebase.perf.FirebasePerfRegistrar"
99-->[com.google.firebase:firebase-perf:20.3.0] AndroidManifest.xml:23:17-109
100                android:value="com.google.firebase.components.ComponentRegistrar" />
100-->[com.google.firebase:firebase-perf:20.3.0] AndroidManifest.xml:24:17-82
101            <meta-data
101-->[com.google.firebase:firebase-crashlytics-ndk:18.3.2] AndroidManifest.xml:34:13-36:85
102                android:name="com.google.firebase.components:com.google.firebase.crashlytics.ndk.CrashlyticsNdkRegistrar"
102-->[com.google.firebase:firebase-crashlytics-ndk:18.3.2] AndroidManifest.xml:35:17-122
103                android:value="com.google.firebase.components.ComponentRegistrar" />
103-->[com.google.firebase:firebase-crashlytics-ndk:18.3.2] AndroidManifest.xml:36:17-82
104            <meta-data
104-->[com.google.firebase:firebase-crashlytics:18.3.2] AndroidManifest.xml:17:13-19:85
105                android:name="com.google.firebase.components:com.google.firebase.crashlytics.CrashlyticsRegistrar"
105-->[com.google.firebase:firebase-crashlytics:18.3.2] AndroidManifest.xml:18:17-115
106                android:value="com.google.firebase.components.ComponentRegistrar" />
106-->[com.google.firebase:firebase-crashlytics:18.3.2] AndroidManifest.xml:19:17-82
107            <meta-data
107-->[com.google.firebase:firebase-datatransport:18.1.7] AndroidManifest.xml:27:13-29:85
108                android:name="com.google.firebase.components:com.google.firebase.datatransport.TransportRegistrar"
108-->[com.google.firebase:firebase-datatransport:18.1.7] AndroidManifest.xml:28:17-115
109                android:value="com.google.firebase.components.ComponentRegistrar" />
109-->[com.google.firebase:firebase-datatransport:18.1.7] AndroidManifest.xml:29:17-82
110            <meta-data
110-->[com.google.firebase:firebase-config:21.2.0] AndroidManifest.xml:31:13-33:85
111                android:name="com.google.firebase.components:com.google.firebase.remoteconfig.RemoteConfigRegistrar"
111-->[com.google.firebase:firebase-config:21.2.0] AndroidManifest.xml:32:17-117
112                android:value="com.google.firebase.components.ComponentRegistrar" />
112-->[com.google.firebase:firebase-config:21.2.0] AndroidManifest.xml:33:17-82
113            <meta-data
113-->[com.google.firebase:firebase-installations:17.1.0] AndroidManifest.xml:17:13-19:85
114                android:name="com.google.firebase.components:com.google.firebase.installations.FirebaseInstallationsRegistrar"
114-->[com.google.firebase:firebase-installations:17.1.0] AndroidManifest.xml:18:17-127
115                android:value="com.google.firebase.components.ComponentRegistrar" />
115-->[com.google.firebase:firebase-installations:17.1.0] AndroidManifest.xml:19:17-82
116            <meta-data
116-->[com.google.firebase:firebase-abt:21.0.2] AndroidManifest.xml:13:13-15:85
117                android:name="com.google.firebase.components:com.google.firebase.abt.component.AbtRegistrar"
117-->[com.google.firebase:firebase-abt:21.0.2] AndroidManifest.xml:14:17-109
118                android:value="com.google.firebase.components.ComponentRegistrar" />
118-->[com.google.firebase:firebase-abt:21.0.2] AndroidManifest.xml:15:17-82
119        </service>
120
121        <provider
121-->[:react-native-firebase_app] AndroidManifest.xml:25:9-29:38
122            android:name="io.invertase.firebase.app.ReactNativeFirebaseAppInitProvider"
122-->[:react-native-firebase_app] AndroidManifest.xml:26:13-88
123            android:authorities="com.expotwitter.reactnativefirebaseappinitprovider"
123-->[:react-native-firebase_app] AndroidManifest.xml:27:13-86
124            android:exported="false"
124-->[:react-native-firebase_app] AndroidManifest.xml:28:13-37
125            android:initOrder="99" />
125-->[:react-native-firebase_app] AndroidManifest.xml:29:13-35
126        <provider
126-->[:expo-file-system] AndroidManifest.xml:23:9-32:20
127            android:name="expo.modules.filesystem.FileSystemFileProvider"
127-->[:expo-file-system] AndroidManifest.xml:24:13-74
128            android:authorities="com.expotwitter.FileSystemFileProvider"
128-->[:expo-file-system] AndroidManifest.xml:25:13-74
129            android:exported="false"
129-->[:expo-file-system] AndroidManifest.xml:26:13-37
130            android:grantUriPermissions="true" >
130-->[:expo-file-system] AndroidManifest.xml:27:13-47
131            <meta-data
131-->[:expo-file-system] AndroidManifest.xml:29:13-31:70
132                android:name="android.support.FILE_PROVIDER_PATHS"
132-->[:expo-file-system] AndroidManifest.xml:30:17-67
133                android:resource="@xml/file_system_provider_paths" />
133-->[:expo-file-system] AndroidManifest.xml:31:17-67
134        </provider>
135
136        <meta-data
136-->[:expo-modules-core] AndroidManifest.xml:10:9-12:89
137            android:name="org.unimodules.core.AppLoader#react-native-headless"
137-->[:expo-modules-core] AndroidManifest.xml:11:13-79
138            android:value="expo.modules.adapters.react.apploader.RNHeadlessAppLoader" />
138-->[:expo-modules-core] AndroidManifest.xml:12:13-86
139
140        <activity
140-->[com.twitter.sdk.android:twitter-core:3.3.0] AndroidManifest.xml:28:9-32:40
141            android:name="com.twitter.sdk.android.core.identity.OAuthActivity"
141-->[com.twitter.sdk.android:twitter-core:3.3.0] AndroidManifest.xml:29:13-79
142            android:configChanges="orientation|screenSize"
142-->[com.twitter.sdk.android:twitter-core:3.3.0] AndroidManifest.xml:30:13-59
143            android:excludeFromRecents="true"
143-->[com.twitter.sdk.android:twitter-core:3.3.0] AndroidManifest.xml:31:13-46
144            android:exported="false" />
144-->[com.twitter.sdk.android:twitter-core:3.3.0] AndroidManifest.xml:32:13-37
145
146        <provider
146-->[com.google.firebase:firebase-perf:20.3.0] AndroidManifest.xml:13:9-17:39
147            android:name="com.google.firebase.perf.provider.FirebasePerfProvider"
147-->[com.google.firebase:firebase-perf:20.3.0] AndroidManifest.xml:14:13-82
148            android:authorities="com.expotwitter.firebaseperfprovider"
148-->[com.google.firebase:firebase-perf:20.3.0] AndroidManifest.xml:15:13-72
149            android:exported="false"
149-->[com.google.firebase:firebase-perf:20.3.0] AndroidManifest.xml:16:13-37
150            android:initOrder="101" />
150-->[com.google.firebase:firebase-perf:20.3.0] AndroidManifest.xml:17:13-36
151
152        <service
152-->[com.google.android.datatransport:transport-backend-cct:3.1.8] AndroidManifest.xml:28:9-34:19
153            android:name="com.google.android.datatransport.runtime.backends.TransportBackendDiscovery"
153-->[com.google.android.datatransport:transport-backend-cct:3.1.8] AndroidManifest.xml:29:13-103
154            android:exported="false" >
154-->[com.google.android.datatransport:transport-backend-cct:3.1.8] AndroidManifest.xml:30:13-37
155            <meta-data
155-->[com.google.android.datatransport:transport-backend-cct:3.1.8] AndroidManifest.xml:31:13-33:39
156                android:name="backend:com.google.android.datatransport.cct.CctBackendFactory"
156-->[com.google.android.datatransport:transport-backend-cct:3.1.8] AndroidManifest.xml:32:17-94
157                android:value="cct" />
157-->[com.google.android.datatransport:transport-backend-cct:3.1.8] AndroidManifest.xml:33:17-36
158        </service>
159        <service
159-->[com.google.android.datatransport:transport-runtime:3.1.8] AndroidManifest.xml:26:9-30:19
160            android:name="com.google.android.datatransport.runtime.scheduling.jobscheduling.JobInfoSchedulerService"
160-->[com.google.android.datatransport:transport-runtime:3.1.8] AndroidManifest.xml:27:13-117
161            android:exported="false"
161-->[com.google.android.datatransport:transport-runtime:3.1.8] AndroidManifest.xml:28:13-37
162            android:permission="android.permission.BIND_JOB_SERVICE" >
162-->[com.google.android.datatransport:transport-runtime:3.1.8] AndroidManifest.xml:29:13-69
163        </service>
164
165        <receiver
165-->[com.google.android.datatransport:transport-runtime:3.1.8] AndroidManifest.xml:32:9-34:40
166            android:name="com.google.android.datatransport.runtime.scheduling.jobscheduling.AlarmManagerSchedulerBroadcastReceiver"
166-->[com.google.android.datatransport:transport-runtime:3.1.8] AndroidManifest.xml:33:13-132
167            android:exported="false" />
167-->[com.google.android.datatransport:transport-runtime:3.1.8] AndroidManifest.xml:34:13-37
168
169        <provider
169-->[com.google.firebase:firebase-common:20.2.0] AndroidManifest.xml:25:9-30:39
170            android:name="com.google.firebase.provider.FirebaseInitProvider"
170-->[com.google.firebase:firebase-common:20.2.0] AndroidManifest.xml:26:13-77
171            android:authorities="com.expotwitter.firebaseinitprovider"
171-->[com.google.firebase:firebase-common:20.2.0] AndroidManifest.xml:27:13-72
172            android:directBootAware="true"
172-->[com.google.firebase:firebase-common:20.2.0] AndroidManifest.xml:28:13-43
173            android:exported="false"
173-->[com.google.firebase:firebase-common:20.2.0] AndroidManifest.xml:29:13-37
174            android:initOrder="100" />
174-->[com.google.firebase:firebase-common:20.2.0] AndroidManifest.xml:30:13-36
175        <provider
175-->[androidx.emoji2:emoji2:1.0.0] AndroidManifest.xml:26:9-34:20
176            android:name="androidx.startup.InitializationProvider"
176-->[androidx.emoji2:emoji2:1.0.0] AndroidManifest.xml:27:13-67
177            android:authorities="com.expotwitter.androidx-startup"
177-->[androidx.emoji2:emoji2:1.0.0] AndroidManifest.xml:28:13-68
178            android:exported="false" >
178-->[androidx.emoji2:emoji2:1.0.0] AndroidManifest.xml:29:13-37
179            <meta-data
179-->[androidx.emoji2:emoji2:1.0.0] AndroidManifest.xml:31:13-33:52
180                android:name="androidx.emoji2.text.EmojiCompatInitializer"
180-->[androidx.emoji2:emoji2:1.0.0] AndroidManifest.xml:32:17-75
181                android:value="androidx.startup" />
181-->[androidx.emoji2:emoji2:1.0.0] AndroidManifest.xml:33:17-49
182            <meta-data
182-->[androidx.lifecycle:lifecycle-process:2.4.0] AndroidManifest.xml:31:13-33:52
183                android:name="androidx.lifecycle.ProcessLifecycleInitializer"
183-->[androidx.lifecycle:lifecycle-process:2.4.0] AndroidManifest.xml:32:17-78
184                android:value="androidx.startup" />
184-->[androidx.lifecycle:lifecycle-process:2.4.0] AndroidManifest.xml:33:17-49
185        </provider>
186
187        <activity
187-->[com.google.android.gms:play-services-auth:20.3.0] AndroidManifest.xml:23:9-27:75
188            android:name="com.google.android.gms.auth.api.signin.internal.SignInHubActivity"
188-->[com.google.android.gms:play-services-auth:20.3.0] AndroidManifest.xml:24:13-93
189            android:excludeFromRecents="true"
189-->[com.google.android.gms:play-services-auth:20.3.0] AndroidManifest.xml:25:13-46
190            android:exported="false"
190-->[com.google.android.gms:play-services-auth:20.3.0] AndroidManifest.xml:26:13-37
191            android:theme="@android:style/Theme.Translucent.NoTitleBar" />
191-->[com.google.android.gms:play-services-auth:20.3.0] AndroidManifest.xml:27:13-72
192        <!--
193            Service handling Google Sign-In user revocation. For apps that do not integrate with
194            Google Sign-In, this service will never be started.
195        -->
196        <service
196-->[com.google.android.gms:play-services-auth:20.3.0] AndroidManifest.xml:33:9-37:51
197            android:name="com.google.android.gms.auth.api.signin.RevocationBoundService"
197-->[com.google.android.gms:play-services-auth:20.3.0] AndroidManifest.xml:34:13-89
198            android:exported="true"
198-->[com.google.android.gms:play-services-auth:20.3.0] AndroidManifest.xml:35:13-36
199            android:permission="com.google.android.gms.auth.api.signin.permission.REVOCATION_NOTIFICATION"
199-->[com.google.android.gms:play-services-auth:20.3.0] AndroidManifest.xml:36:13-107
200            android:visibleToInstantApps="true" />
200-->[com.google.android.gms:play-services-auth:20.3.0] AndroidManifest.xml:37:13-48
201
202        <activity
202-->[com.google.android.gms:play-services-base:18.0.1] AndroidManifest.xml:20:9-22:45
203            android:name="com.google.android.gms.common.api.GoogleApiActivity"
203-->[com.google.android.gms:play-services-base:18.0.1] AndroidManifest.xml:20:19-85
204            android:exported="false"
204-->[com.google.android.gms:play-services-base:18.0.1] AndroidManifest.xml:22:19-43
205            android:theme="@android:style/Theme.Translucent.NoTitleBar" />
205-->[com.google.android.gms:play-services-base:18.0.1] AndroidManifest.xml:21:19-78
206
207        <meta-data
207-->[com.google.android.gms:play-services-basement:18.1.0] AndroidManifest.xml:21:9-23:69
208            android:name="com.google.android.gms.version"
208-->[com.google.android.gms:play-services-basement:18.1.0] AndroidManifest.xml:22:13-58
209            android:value="@integer/google_play_services_version" />
209-->[com.google.android.gms:play-services-basement:18.1.0] AndroidManifest.xml:23:13-66
210    </application>
211
212</manifest>